<?xml version="1.0" encoding="UTF-8"?>
<testsuite name="cookies.MasterOrderTest" tests="1" skipped="0" failures="0" errors="0" timestamp="2020-12-03T16:32:39" hostname="WECANCODEIT-201" time="0.01">
  <properties/>
  <testcase name="assertThatAnOrderHasBeenRemoved" classname="cookies.MasterOrderTest" time="0.01"/>
  <system-out><![CDATA[]]></system-out>
  <system-err><![CDATA[]]></system-err>
</testsuite>
